<?xml version="1.0" encoding="UTF-8"?>
<!-- Generated by org.testng.reporters.JUnitXMLReporter -->
<testsuite ignored="0" hostname="DESKTOP-BMQHS61" failures="0" tests="5" name="Command line test" time="6.455" errors="0" timestamp="2025-01-19T11:22:00 ICT">
  <testcase classname="test.WebTest" name="testInvalidLogin" time="0.393"/>
  <testcase classname="test.WebTest" name="testValidLogin" time="1.077"/>
  <testcase classname="test.WebTest" name="testSearchValidProduct" time="0.171"/>
  <testcase classname="test.WebTest" name="testSearchInvalidProduct" time="0.218"/>
  <testcase classname="test.WebTest" name="testLogout" time="0.628"/>
</testsuite> <!-- Command line test -->
